<?xml version="1.0" encoding="UTF-8"?>
<!-- Generated by org.testng.reporters.JUnitReportReporter -->
<testsuite hostname="Roopak07" failures="0" tests="3" name="firstPoject.Testng" time="0.031" errors="0" timestamp="2024-04-07T13:29:04 GMT-12:00" skipped="0">
  <testcase classname="firstPoject.Testng" name="getdata" time="0.023"/>
  <system-out/>
  <testcase classname="firstPoject.Testng" name="getdata" time="0.004"/>
  <system-out/>
  <testcase classname="firstPoject.Testng" name="getdata" time="0.004"/>
  <system-out/>
</testsuite> <!-- firstPoject.Testng -->
