<?xml version="1.0" encoding="UTF-8"?>
<!-- Generated by org.testng.reporters.JUnitReportReporter -->
<testsuite hostname="Roopak07" failures="0" tests="1" name="mytestng.TestNG2" time="9.620" errors="0" timestamp="2024-03-28T18:36:43 PDT" skipped="0">
  <testcase classname="mytestng.TestNG2" name="elloidhya" time="9.620"/>
  <system-out/>
</testsuite> <!-- mytestng.TestNG2 -->
