<?xml version="1.0" encoding="UTF-8"?>
<!-- Generated by org.testng.reporters.JUnitReportReporter -->
<testsuite hostname="Roopak07" failures="0" tests="3" name="mytestng.TestNG1" time="0.032" errors="0" timestamp="2024-03-28T16:54:10 PDT" skipped="0">
  <testcase classname="mytestng.TestNG1" name="sampletest" time="0.005"/>
  <system-out/>
  <testcase classname="mytestng.TestNG1" name="thogo" time="0.004"/>
  <system-out/>
  <testcase classname="mytestng.TestNG1" name="comeon" time="0.023"/>
  <system-out/>
</testsuite> <!-- mytestng.TestNG1 -->
