<?xml version="1.0" encoding="UTF-8"?>
<!-- Generated by org.testng.reporters.JUnitReportReporter -->
<testsuite hostname="Roopak07" failures="0" tests="3" name="test.Sample2Test" time="0.006" errors="0" timestamp="2024-04-17T10:10:54 GMT-12:00" skipped="0">
  <testcase classname="test.Sample2Test" name="five" time="0.003"/>
  <system-out/>
  <testcase classname="test.Sample2Test" name="four" time="0.001"/>
  <system-out/>
  <testcase classname="test.Sample2Test" name="six" time="0.002"/>
  <system-out/>
</testsuite> <!-- test.Sample2Test -->
