<?xml version="1.0" encoding="UTF-8"?>
<!-- Generated by org.testng.reporters.JUnitReportReporter -->
<testsuite hostname="Roopak07" failures="0" tests="2" name="test.New_test" time="13.891" errors="0" timestamp="2024-04-17T10:04:53 GMT-12:00" skipped="0">
  <testcase classname="test.New_test" name="logthedata" time="7.830"/>
  <system-out/>
  <testcase classname="test.New_test" name="logthedata" time="6.061"/>
  <system-out/>
</testsuite> <!-- test.New_test -->
