<?xml version="1.0" encoding="UTF-8"?>
<!-- Generated by org.testng.reporters.JUnitReportReporter -->
<testsuite hostname="Roopak07" failures="0" tests="4" name="test.Groupexec1" time="38.298" errors="0" timestamp="2024-04-17T17:59:30 GMT-12:00" skipped="0">
  <testcase classname="test.Groupexec1" name="def" time="11.392"/>
  <system-out/>
  <testcase classname="test.Groupexec1" name="hell" time="7.861"/>
  <system-out/>
  <testcase classname="test.Groupexec1" name="hell" time="7.742"/>
  <system-out/>
  <testcase classname="test.Groupexec1" name="def" time="11.303"/>
  <system-out/>
</testsuite> <!-- test.Groupexec1 -->
