<?xml version="1.0" encoding="UTF-8"?>
<!-- Generated by org.testng.reporters.JUnitReportReporter -->
<testsuite hostname="Roopak07" failures="0" tests="1" name="product_testng.Search_prod_ng" time="5.832" errors="0" timestamp="2024-04-15T12:45:37 GMT-12:00" skipped="0">
  <testcase classname="product_testng.Search_prod_ng" name="hell" time="5.832"/>
  <system-out/>
</testsuite> <!-- product_testng.Search_prod_ng -->
