<?xml version="1.0" encoding="UTF-8"?>
<!-- Generated by org.testng.reporters.JUnitReportReporter -->
<testsuite hostname="Roopak07" failures="0" tests="3" name="test.Mysample" time="0.017" errors="0" timestamp="2024-04-17T10:13:31 GMT-12:00" skipped="0">
  <testcase classname="test.Mysample" name="four" time="0.003"/>
  <system-out/>
  <testcase classname="test.Mysample" name="six" time="0.002"/>
  <system-out/>
  <testcase classname="test.Mysample" name="five" time="0.012"/>
  <system-out/>
</testsuite> <!-- test.Mysample -->
