<?xml version="1.0" encoding="UTF-8"?>
<!-- Generated by org.testng.reporters.JUnitReportReporter -->
<testsuite hostname="Roopak07" failures="0" tests="3" name="test.Sample1Test" time="0.005" errors="0" timestamp="2024-04-17T10:13:31 GMT-12:00" skipped="0">
  <testcase classname="test.Sample1Test" name="one" time="0.001"/>
  <system-out/>
  <testcase classname="test.Sample1Test" name="three" time="0.003"/>
  <system-out/>
  <testcase classname="test.Sample1Test" name="two" time="0.001"/>
  <system-out/>
</testsuite> <!-- test.Sample1Test -->
